[slice] master length: 27 start: 0 end: 14 new message: GET /analog_2/
[parse_request_array] request: GET /analog_2/
[parse_request_array] beginning to parse
[parse_request_array] request type: GET /analog_2/
[slice] master length: 14 start: 4 end: 14 new message: /analog_2/
[parse_request_array] delete begining of message for processing: /analog_2/
[read_services_array] receiving new request, length: 10 request: /analog_2/
[read_services_array] reading index item 0 through 0
[read_services_array] reading index item 1 through 9
[index_of] length: 10
[index_of] length: 10
[read_services_array] reading index item 1 through 9
[index_of] length: 10
[index_of] length: 10
[read_services_array] reading index item 1 through 9
[index_of] length: 10
[index_of] length: 10
[read_services_array] reading index item 1 through 9
[index_of] length: 10
[index_of] length: 10
[read_services_array] reading index item 1 through 9
[index_of] length: 10
[index_of] length: 10
[read_services_array] reading index item 1 through 9
[index_of] length: 10
[index_of] length: 10
[read_services_array] reading index item 1 through 9
[index_of] length: 10
[index_of] length: 10
[read_services_array] reading index item 1 through 9
[index_of] length: 10
[index_of] length: 10
[read_services_array] reading index item 1 through 9
[index_of] length: 10
[index_of] length: 10
[read_services_array] reading index item 1 through 9
[index_of] length: 10
[index_of] length: 10
[read_services_array] reading index item 1 through 9
[index_of] length: 10
[index_of] length: 10
[read_services_array] reading index item 1 through 9
[index_of] length: 10
[index_of] length: 10
[read_services_array] reading index item 1 through 9
[index_of] length: 10
[index_of] length: 10
[read_services_array] reading index item 1 through 9
[index_of] length: 10
[index_of] length: 10
[read_services_array] reading index item 1 through 9
[index_of] length: 10
[index_of] length: 10
[read_services_array] reading index item 1 through 9
[index_of] length: 10
[index_of] length: 10
[read_services_array] reading index item 1 through 9
[index_of] length: 10
[index_of] length: 10
[read_services_array] reading index item 1 through 9
[index_of] length: 10
[index_of] length: 10
[read_services_array] reading index item 1 through 9
[index_of] length: 10
[index_of] length: 10
[read_services_array] reading index item 1 through 9
[index_of] length: 10
[index_of] length: 10
[read_services_array] reading index item 1 through 9
[index_of] length: 10
[index_of] length: 10
[read_services_array] reading index item 1 through 9
[index_of] length: 10
[index_of] length: 10
[read_services_array] reading index item 1 through 9
[index_of] length: 10
[index_of] length: 10
[read_services_array] reading index item 1 through 9
[index_of] length: 10
[index_of] length: 10
[read_services_array] reading index item 1 through 9
[index_of] length: 10
[index_of] length: 10
[read_services_array] reading index item 1 through 9
[index_of] length: 10
[index_of] length: 10
[read_services_array] reading index item 1 through 9
[index_of] length: 10
[index_of] length: 10
[read_services_array] reading index item 1 through 9
[index_of] length: 10
[index_of] length: 10
[read_services_array] reading index item 1 through 9
[index_of] length: 10
[index_of] length: 10
[read_services_array] reading index item 1 through 9
[index_of] length: 10
[index_of] length: 10
[read_services_array] reading index item 1 through 9
[index_of] length: 10
[index_of] length: 10
[read_services_array] reading index item 1 through 9
[index_of] length: 10
[index_of] length: 10
[read_services_array] reading index item 1 through 9
[index_of] length: 10
[index_of] length: 10
[read_services_array] reading index item 1 through 9
[index_of] length: 10
[index_of] length: 10
[read_services_array] reading index item 1 through 9
[index_of] length: 10
[index_of] length: 10
[read_services_array] reading index item 1 through 9
[index_of] length: 10
[index_of] length: 10
[read_services_array] reading index item 1 through 9
[index_of] length: 10
[index_of] length: 10
[read_services_array] reading index item 1 through 9
[index_of] length: 10
[index_of] length: 10
[read_services_array] reading index item 1 through 9
[index_of] length: 10
[index_of] length: 10
[read_services_array] reading index item 1 through 9
[index_of] length: 10
[index_of] length: 10
[read_services_array] reading index item 1 through 9
[index_of] length: 10
[index_of] length: 10
[read_services_array] reading index item 1 through 9
[index_of] length: 10
[index_of] length: 10
[read_services_array] reading index item 1 through 9
[index_of] length: 10
[index_of] length: 10
[read_services_array] reading index item 1 through 9
[index_of] length: 10
[index_of] length: 10
[read_services_array] reading index item 1 through 9
[index_of] length: 10
[index_of] length: 10
[read_services_array] reading index item 1 through 9
[index_of] length: 10
[index_of] length: 10
[read_services_array] reading index item 1 through 9
[index_of] length: 10
[index_of] length: 10
[read_services_array] reading index item 1 through 9
[index_of] length: 10
[index_of] length: 10
[read_services_array] reading index item 1 through 9
[index_of] length: 10
[index_of] length: 10
[read_services_array] reading index item 1 through 9
[index_of] length: 10
[index_of] length: 10
[read_services_array] reading index item 1 through 9
[index_of] length: 10
[index_of] length: 10
[read_services_array] reading index item 1 through 9
[index_of] length: 10
[index_of] length: 10
[read_services_array] reading index item 1 through 9
[index_of] length: 10
[index_of] length: 10
[read_services_array] reading index item 1 through 9
[index_of] length: 10
[index_of] length: 10
[read_services_array] reading index item 1 through 9
[index_of] length: 10
[index_of] length: 10
[read_services_array] reading index item 1 through 9
[index_of] length: 10
[index_of] length: 10
[read_services_array] reading index item 1 through 9
[index_of] length: 10
[index_of] length: 10
[read_services_array] reading index item 1 through 9
[index_of] length: 10
[index_of] length: 10
[read_services_array] reading index item 1 through 9
[index_of] length: 10
[index_of] length: 10
[read_services_array] reading index item 1 through 9
[index_of] length: 10
[index_of] length: 10
[read_services_array] reading index item 1 through 9
[index_of] length: 10
[index_of] length: 10
[read_services_array] reading index item 1 through 9
[index_of] length: 10
[index_of] length: 10
[read_services_array] reading index item 1 through 9
[index_of] length: 10
[index_of] length: 10
[read_services_array] reading index item 1 through 9
[index_of] length: 10
[index_of] length: 10
[read_services_array] reading index item 1 through 9
[index_of] length: 10
[index_of] length: 10
[read_services_array] reading index item 1 through 9
[index_of] length: 10
[index_of] length: 10
[read_services_array] reading index item 1 through 9
[index_of] length: 10
[index_of] length: 10
[read_services_array] reading index item 1 through 9
[index_of] length: 10
[index_of] length: 10
[read_services_array] reading index item 1 through 9
[index_of] length: 10
[index_of] length: 10
[read_services_array] reading index item 1 through 9
[index_of] length: 10
[index_of] length: 10
[read_services_array] reading index item 1 through 9
[index_of] length: 10
[index_of] length: 10
[read_services_array] reading index item 1 through 9
[index_of] length: 10
[index_of] length: 10
[read_services_array] reading index item 1 through 9
[index_of] length: 10
[index_of] length: 10
[read_services_array] reading index item 1 through 9
[index_of] length: 10
[index_of] length: 10
[read_services_array] reading index item 1 through 9
[index_of] length: 10
[index_of] length: 10
[read_services_array] reading index item 1 through 9
[index_of] length: 10
[index_of] length: 10
[read_services_array] reading index item 1 through 9
[index_of] length: 10
[index_of] length: 10
[read_services_array] reading index item 1 through 9
[index_of] length: 10
[index_of] length: 10
[read_services_array] reading index item 1 through 9
[index_of] length: 10
[index_of] length: 10
[read_services_array] reading index item 1 through 9
[index_of] length: 10
[index_of] length: 10
[read_services_array] reading index item 1 through 9
[index_of] length: 10
[index_of] length: 10
[read_services_array] reading index item 1 through 9
[index_of] length: 10
[index_of] length: 10
[read_services_array] reading index item 1 through 9
[index_of] length: 10
[index_of] length: 10
[read_services_array] reading index item 1 through 9
[index_of] length: 10
[index_of] length: 10
[read_services_array] reading index item 1 through 9
[index_of] length: 10
[index_of] length: 10
[read_services_array] reading index item 1 through 9
[index_of] length: 10
[index_of] length: 10
[read_services_array] reading index item 1 through 9
[index_of] length: 10
[index_of] length: 10
[read_services_array] reading index item 1 through 9
[index_of] length: 10
[index_of] length: 10
[read_services_array] reading index item 1 through 9
[index_of] length: 10
[index_of] length: 10
[read_services_array] reading index item 1 through 9
[index_of] length: 10
[index_of] length: 10
[read_services_array] reading index item 1 through 9
[index_of] length: 10
[index_of] length: 10
[read_services_array] reading index item 1 through 9
[index_of] length: 10
[index_of] length: 10
[read_services_array] reading index item 1 through 9
[index_of] length: 10
[index_of] length: 10
[read_services_array] reading index item 1 through 9
[index_of] length: 10
[index_of] length: 10
[read_services_array] reading index item 1 through 9
[index_of] length: 10
[index_of] length: 10
[read_services_array] reading index item 1 through 9
[index_of] length: 10
[index_of] length: 10
[read_services_array] reading index item 1 through 9
[index_of] length: 10
[index_of] length: 10
[read_services_array] reading index item 1 through 9
[index_of] length: 10
[index_of] length: 10
[read_services_array] reading index item 1 through 9
[index_of] length: 10
[index_of] length: 10
[read_services_array] reading index item 1 through 9
[index_of] length: 10
[index_of] length: 10
[read_services_array] reading index item 1 through 9
[index_of] length: 10
[index_of] length: 10
[read_services_array] reading index item 1 through 9
[index_of] length: 10
[index_of] length: 10
[read_services_array] reading index item 1 through 9
[index_of] length: 10
[index_of] length: 10
[read_services_array] reading index item 1 through 9
[index_of] length: 10
[index_of] length: 10
[read_services_array] reading index item 1 through 9
[index_of] length: 10
[index_of] length: 10
[read_services_array] reading index item 1 through 9
[index_of] length: 10
[index_of] length: 10
[read_services_array] reading index item 1 through 9
[index_of] length: 10
[index_of] length: 10
[read_services_array] reading index item 1 through 9
[index_of] length: 10
[index_of] length: 10
[read_services_array] reading index item 1 through 9
[index_of] length: 10
[index_of] length: 10
[read_services_array] reading index item 1 through 9
[index_of] length: 10
[index_of] length: 10
[read_services_array] reading index item 1 through 9
[index_of] length: 10
[index_of] length: 10
[read_services_array] reading index item 1 through 9
[index_of] length: 10
[index_of] length: 10
[read_services_array] reading index item 1 through 9
[index_of] length: 10
[index_of] length: 10
[read_services_array] reading index item 1 through 9
[index_of] length: 10
[index_of] length: 10
[read_services_array] reading index item 1 through 9
[index_of] length: 10
[index_of] length: 10
[read_services_array] reading index item 1 through 9
[index_of] length: 10
[index_of] length: 10
[read_services_array] reading index item 1 through 9
[index_of] length: 10
[index_of] length: 10
[read_services_array] reading index item 1 through 9
[index_of] length: 10
[index_of] length: 10
[read_services_array] reading index item 1 through 9
[index_of] length: 10
[index_of] length: 10
[read_services_array] reading index item 1 through 9
[index_of] length: 10
[index_of] length: 10
[read_services_array] reading index item 1 through 9
[index_of] length: 10
[index_of] length: 10
[read_services_array] read